Arguments: 
  /c/Users/daniel/.nvm/versions/node/v12.14.0/bin/node /c/Program Files (x86)/Yarn/bin/yarn.js add expo-yarn-workspaces -D

PATH: 
  /c/users/daniel/.vscode-server/bin/26076a4de974ead31f97692a0d32f90d735645c0/bin:/c/users/daniel/.nvm/versions/node/v12.14.0/bin:/c/users/daniel/.zplugin/polaris/bin:/usr/local/sbin:/usr/local/bin:/usr/sbin:/usr/bin:/sbin:/bin:/usr/games:/usr/local/games:/c/ProgramData/DockerDesktop/version-bin:/c/Program Files/Docker/Docker/Resources/bin:/c/Program Files (x86)/Common Files/Oracle/Java/javapath:/c/Program Files (x86)/Embarcadero/Studio/19.0/bin:/c/Users/Public/Documents/Embarcadero/Studio/19.0/Bpl:/c/Program Files (x86)/Embarcadero/Studio/19.0/bin64:/c/Users/Public/Documents/Embarcadero/Studio/19.0/Bpl/Win64:/c/Program Files (x86)/Embarcadero/Studio/14.0/bin:/c/Users/Public/Documents/Embarcadero/Studio/14.0/Bpl:/c/Program Files (x86)/Embarcadero/Studio/14.0/bin64:/c/Users/Public/Documents/Embarcadero/Studio/14.0/Bpl/Win64:/c/oracle/product/10.2.0/client_1/bin:/c/WINDOWS/system32:/c/WINDOWS:/c/WINDOWS/System32/Wbem:/c/WINDOWS/System32/WindowsPowerShell/v1.0/:/c/Program Files/Microsoft SQL Server/130/Tools/Binn/:/c/Program Files/dotnet/:/c/Program Files (x86)/Microsoft SQL Server/100/Tools/Binn/VSShell/Common7/IDE/:/c/Program Files (x86)/Microsoft SQL Server/100/Tools/Binn/:/c/Program Files/Microsoft SQL Server/100/Tools/Binn/:/c/Program Files (x86)/Microsoft SQL Server/100/DTS/Binn/:/c/Program Files :/c/Program Files/nodejs/:/c/Program Files/Git/cmd:/c/WINDOWS/system32:/c/WINDOWS:/c/WINDOWS/System32/Wbem:/c/WINDOWS/System32/WindowsPowerShell/v1.0/:/c/WINDOWS/System32/OpenSSH/:/c/Program Files/Microsoft SQL Server/Client SDK/ODBC/170/Tools/Binn/:/c/Program Files (x86)/Yarn/bin/:/c/Users/daniel/AppData/Local/Programs/Python/Python37-32/Scripts/:/c/Users/daniel/AppData/Local/Programs/Python/Python37-32/:/c/Users/daniel/AppData/Local/Microsoft/WindowsApps:/c/Users/daniel/.dotnet/tools:/c/Program Files/SQL Operations Studio/bin:/c/Users/daniel/AppData/Local/Microsoft/WindowsApps:/c/Users/daniel/AppData/Local/Programs/Microsoft VS Code/bin:/c/Users/daniel/AppData/Roaming/npm:/c/Users/daniel/AppData/Local/hyper/app-3.0.2/resources/bin:/c/Users/daniel/AppData/Local/Yarn/bin:/c/users/daniel/.local/bin:/c/users/daniel/Android/tools:/c/users/daniel/Android/tools/bin:/c/users/daniel/Android/platform-tools:/c/users/daniel/.local/bin:/c/users/daniel/Android/tools:/c/users/daniel/Android/tools/bin:/c/users/daniel/Android/platform-tools

Yarn version: 
  1.19.1

Node version: 
  12.14.0

Platform: 
  linux x64

Trace: 
  TypeError: Cannot read property 'manifest' of undefined
      at _loop (/c/Program Files (x86)/Yarn/lib/cli.js:6973:102)
      at _loop.next (<anonymous>)
      at Add.<anonymous> (/c/Program Files (x86)/Yarn/lib/cli.js:7031:27)
      at Generator.next (<anonymous>)
      at step (/c/Program Files (x86)/Yarn/lib/cli.js:304:30)
      at /c/Program Files (x86)/Yarn/lib/cli.js:315:13

npm manifest: 
  {
    "main": "node_modules/expo/AppEntry.js",
    "scripts": {
      "start": "expo start",
      "android": "expo start --android",
      "ios": "expo start --ios",
      "web": "expo start --web",
      "eject": "expo eject"
    },
    "dependencies": {
      "@react-native-community/masked-view": "^0.1.6",
      "axios": "^0.19.1",
      "expo": "~36.0.0",
      "expo-location": "~8.0.0",
      "react": "~16.9.0",
      "react-dom": "~16.9.0",
      "react-native": "https://github.com/expo/react-native/archive/sdk-36.0.0.tar.gz",
      "react-native-gesture-handler": "~1.5.0",
      "react-native-keyboard-aware-scrollview": "^2.1.0",
      "react-native-maps": "0.26.1",
      "react-native-reanimated": "~1.4.0",
      "react-native-safe-area-context": "0.6.0",
      "react-native-screens": "2.0.0-alpha.12",
      "react-native-web": "~0.11.7",
      "react-native-webview": "7.4.3",
      "react-navigation": "^4.0.10",
      "react-navigation-stack": "^2.0.15",
      "socket.io-client": "^2.3.0"
    },
    "devDependencies": {
      "@babel/core": "^7.0.0",
      "babel-preset-expo": "~8.0.0"
    },
    "private": false
  }

yarn manifest: 
  No manifest

Lockfile: 
  No lockfile
